{"name": "User can search for a product", "status": "broken", "statusDetails": {"message": "selenium.common.exceptions.NoSuchWindowException: Message: no such window: target window already closed\nfrom unknown error: web view not found\n  (Session info: chrome=120.0.6099.129)\nStacktrace:\n\tGetHandleVerifier [0x01436EE3+174339]\n\t(No symbol) [0x01360A51]\n\t(No symbol) [0x01076FF6]\n\t(No symbol) [0x0105EFE7]\n\t(No symbol) [0x010CB53B]\n\t(No symbol) [0x010D9E7B]\n\t(No symbol) [0x010C6DA6]\n\t(No symbol) [0x010A1034]\n\t(No symbol) [0x010A1F8D]\n\tGetHandleVerifier [0x014D4B1C+820540]\n\tsqlite3_dbdata_init [0x015953EE+653550]\n\tsqlite3_dbdata_init [0x01594E09+652041]\n\tsqlite3_dbdata_init [0x015897CC+605388]\n\tsqlite3_dbdata_init [0x01595D9B+656027]\n\t(No symbol) [0x0136FE6C]\n\t(No symbol) [0x013683B8]\n\t(No symbol) [0x013684DD]\n\t(No symbol) [0x01355818]\n\tBaseThreadInitThunk [0x77367BA9+25]\n\tRtlInitializeExceptionChain [0x77CFBD2B+107]\n\tRtlClearBits [0x77CFBCAF+191]\n\n", "trace": "  File \"C:\\Users\\noahs\\Automation-Internship-Project\\venv\\Lib\\site-packages\\behave\\model.py\", line 1329, in run\n    match.run(runner.context)\n  File \"C:\\Users\\noahs\\Automation-Internship-Project\\venv\\Lib\\site-packages\\behave\\matchers.py\", line 98, in run\n    self.func(context, *args, **kwargs)\n  File \"features\\steps\\product_search.py\", line 25, in click_search_icon\n    context.driver.find_element(*SEARCH_SUBMIT).click()\n    ^^^^^^^^^^^^^^^^^^^^^^^^^^^^^^^^^^^^^^^^^^^\n  File \"C:\\Users\\noahs\\Automation-Internship-Project\\venv\\Lib\\site-packages\\selenium\\webdriver\\remote\\webdriver.py\", line 742, in find_element\n    return self.execute(Command.FIND_ELEMENT, {\"using\": by, \"value\": value})[\"value\"]\n           ^^^^^^^^^^^^^^^^^^^^^^^^^^^^^^^^^^^^^^^^^^^^^^^^^^^^^^^^^^^^^^^^^\n  File \"C:\\Users\\noahs\\Automation-Internship-Project\\venv\\Lib\\site-packages\\selenium\\webdriver\\remote\\webdriver.py\", line 348, in execute\n    self.error_handler.check_response(response)\n  File \"C:\\Users\\noahs\\Automation-Internship-Project\\venv\\Lib\\site-packages\\selenium\\webdriver\\remote\\errorhandler.py\", line 229, in check_response\n    raise exception_class(message, screen, stacktrace)\n"}, "steps": [{"name": "Given Open Google page", "status": "passed", "start": 1703380778493, "stop": 1703380779400}, {"name": "When Input Car into search field", "status": "passed", "start": 1703380779400, "stop": 1703380783448}, {"name": "And Click on search icon", "status": "broken", "statusDetails": {"message": "selenium.common.exceptions.NoSuchWindowException: Message: no such window: target window already closed\nfrom unknown error: web view not found\n  (Session info: chrome=120.0.6099.129)\nStacktrace:\n\tGetHandleVerifier [0x01436EE3+174339]\n\t(No symbol) [0x01360A51]\n\t(No symbol) [0x01076FF6]\n\t(No symbol) [0x0105EFE7]\n\t(No symbol) [0x010CB53B]\n\t(No symbol) [0x010D9E7B]\n\t(No symbol) [0x010C6DA6]\n\t(No symbol) [0x010A1034]\n\t(No symbol) [0x010A1F8D]\n\tGetHandleVerifier [0x014D4B1C+820540]\n\tsqlite3_dbdata_init [0x015953EE+653550]\n\tsqlite3_dbdata_init [0x01594E09+652041]\n\tsqlite3_dbdata_init [0x015897CC+605388]\n\tsqlite3_dbdata_init [0x01595D9B+656027]\n\t(No symbol) [0x0136FE6C]\n\t(No symbol) [0x013683B8]\n\t(No symbol) [0x013684DD]\n\t(No symbol) [0x01355818]\n\tBaseThreadInitThunk [0x77367BA9+25]\n\tRtlInitializeExceptionChain [0x77CFBD2B+107]\n\tRtlClearBits [0x77CFBCAF+191]\n\n", "trace": "  File \"C:\\Users\\noahs\\Automation-Internship-Project\\venv\\Lib\\site-packages\\behave\\model.py\", line 1329, in run\n    match.run(runner.context)\n  File \"C:\\Users\\noahs\\Automation-Internship-Project\\venv\\Lib\\site-packages\\behave\\matchers.py\", line 98, in run\n    self.func(context, *args, **kwargs)\n  File \"features\\steps\\product_search.py\", line 25, in click_search_icon\n    context.driver.find_element(*SEARCH_SUBMIT).click()\n    ^^^^^^^^^^^^^^^^^^^^^^^^^^^^^^^^^^^^^^^^^^^\n  File \"C:\\Users\\noahs\\Automation-Internship-Project\\venv\\Lib\\site-packages\\selenium\\webdriver\\remote\\webdriver.py\", line 742, in find_element\n    return self.execute(Command.FIND_ELEMENT, {\"using\": by, \"value\": value})[\"value\"]\n           ^^^^^^^^^^^^^^^^^^^^^^^^^^^^^^^^^^^^^^^^^^^^^^^^^^^^^^^^^^^^^^^^^\n  File \"C:\\Users\\noahs\\Automation-Internship-Project\\venv\\Lib\\site-packages\\selenium\\webdriver\\remote\\webdriver.py\", line 348, in execute\n    self.error_handler.check_response(response)\n  File \"C:\\Users\\noahs\\Automation-Internship-Project\\venv\\Lib\\site-packages\\selenium\\webdriver\\remote\\errorhandler.py\", line 229, in check_response\n    raise exception_class(message, screen, stacktrace)\n"}, "start": 1703380783448, "stop": 1703380783457}, {"name": "Then Product results for Car are shown", "status": "skipped", "start": 1703380783462, "stop": 1703380783462}], "start": 1703380775281, "stop": 1703380783462, "uuid": "92066522-6bc7-4381-a8f7-b94b82c4e8dd", "historyId": "e6287342e7156c528eb108828dfaac79", "fullName": "Test Scenarios for Search functionality: User can search for a product", "labels": [{"name": "severity", "value": "normal"}, {"name": "feature", "value": "Test Scenarios for Search functionality"}, {"name": "framework", "value": "behave"}, {"name": "language", "value": "cpython3"}]}