{"name": "User can filter the Secondary deals by “want to sell” option", "status": "broken", "statusDetails": {"message": "selenium.common.exceptions.NoSuchWindowException: Message: no such window: target window already closed\nfrom unknown error: web view not found\n  (Session info: chrome=120.0.6099.129)\nStacktrace:\n\tGetHandleVerifier [0x01436EE3+174339]\n\t(No symbol) [0x01360A51]\n\t(No symbol) [0x01076FF6]\n\t(No symbol) [0x0105EFE7]\n\t(No symbol) [0x010CB53B]\n\t(No symbol) [0x010D9E7B]\n\t(No symbol) [0x010C6DA6]\n\t(No symbol) [0x010A1034]\n\t(No symbol) [0x010A1F8D]\n\tGetHandleVerifier [0x014D4B1C+820540]\n\tsqlite3_dbdata_init [0x015953EE+653550]\n\tsqlite3_dbdata_init [0x01594E09+652041]\n\tsqlite3_dbdata_init [0x015897CC+605388]\n\tsqlite3_dbdata_init [0x01595D9B+656027]\n\t(No symbol) [0x0136FE6C]\n\t(No symbol) [0x013683B8]\n\t(No symbol) [0x013684DD]\n\t(No symbol) [0x01355818]\n\tBaseThreadInitThunk [0x77367BA9+25]\n\tRtlInitializeExceptionChain [0x77CFBD2B+107]\n\tRtlClearBits [0x77CFBCAF+191]\n\n", "trace": "  File \"C:\\Users\\noahs\\Automation-Internship-Project\\venv\\Lib\\site-packages\\behave\\model.py\", line 1329, in run\n    match.run(runner.context)\n  File \"C:\\Users\\noahs\\Automation-Internship-Project\\venv\\Lib\\site-packages\\behave\\matchers.py\", line 98, in run\n    self.func(context, *args, **kwargs)\n  File \"features\\steps\\sign_in_page_steps.py\", line 16, in logging_in\n    context.app.sign_in_page.log_in(email, password)\n  File \"C:\\Users\\noahs\\Automation-Internship-Project\\pages\\sign_in_page.py\", line 23, in log_in\n    self.wait_for_text_present(self.USER_COUNTER, text=\"9234\")\n  File \"C:\\Users\\noahs\\Automation-Internship-Project\\pages\\base_page.py\", line 52, in wait_for_text_present\n    (self.wait.until(\n     ^^^^^^^^^^^^^^^^\n  File \"C:\\Users\\noahs\\Automation-Internship-Project\\venv\\Lib\\site-packages\\selenium\\webdriver\\support\\wait.py\", line 96, in until\n    value = method(self._driver)\n            ^^^^^^^^^^^^^^^^^^^^\n  File \"C:\\Users\\noahs\\Automation-Internship-Project\\venv\\Lib\\site-packages\\selenium\\webdriver\\support\\expected_conditions.py\", line 243, in _predicate\n    element_text = driver.find_element(*locator).text\n                   ^^^^^^^^^^^^^^^^^^^^^^^^^^^^^\n  File \"C:\\Users\\noahs\\Automation-Internship-Project\\venv\\Lib\\site-packages\\selenium\\webdriver\\remote\\webdriver.py\", line 742, in find_element\n    return self.execute(Command.FIND_ELEMENT, {\"using\": by, \"value\": value})[\"value\"]\n           ^^^^^^^^^^^^^^^^^^^^^^^^^^^^^^^^^^^^^^^^^^^^^^^^^^^^^^^^^^^^^^^^^\n  File \"C:\\Users\\noahs\\Automation-Internship-Project\\venv\\Lib\\site-packages\\selenium\\webdriver\\remote\\webdriver.py\", line 348, in execute\n    self.error_handler.check_response(response)\n  File \"C:\\Users\\noahs\\Automation-Internship-Project\\venv\\Lib\\site-packages\\selenium\\webdriver\\remote\\errorhandler.py\", line 229, in check_response\n    raise exception_class(message, screen, stacktrace)\n"}, "steps": [{"name": "Given Open sign-in page", "status": "passed", "start": 1703380786885, "stop": 1703380787827}, {"name": "When Log in with email: noahsj@cox.net and password: Letter2021", "status": "broken", "statusDetails": {"message": "selenium.common.exceptions.NoSuchWindowException: Message: no such window: target window already closed\nfrom unknown error: web view not found\n  (Session info: chrome=120.0.6099.129)\nStacktrace:\n\tGetHandleVerifier [0x01436EE3+174339]\n\t(No symbol) [0x01360A51]\n\t(No symbol) [0x01076FF6]\n\t(No symbol) [0x0105EFE7]\n\t(No symbol) [0x010CB53B]\n\t(No symbol) [0x010D9E7B]\n\t(No symbol) [0x010C6DA6]\n\t(No symbol) [0x010A1034]\n\t(No symbol) [0x010A1F8D]\n\tGetHandleVerifier [0x014D4B1C+820540]\n\tsqlite3_dbdata_init [0x015953EE+653550]\n\tsqlite3_dbdata_init [0x01594E09+652041]\n\tsqlite3_dbdata_init [0x015897CC+605388]\n\tsqlite3_dbdata_init [0x01595D9B+656027]\n\t(No symbol) [0x0136FE6C]\n\t(No symbol) [0x013683B8]\n\t(No symbol) [0x013684DD]\n\t(No symbol) [0x01355818]\n\tBaseThreadInitThunk [0x77367BA9+25]\n\tRtlInitializeExceptionChain [0x77CFBD2B+107]\n\tRtlClearBits [0x77CFBCAF+191]\n\n", "trace": "  File \"C:\\Users\\noahs\\Automation-Internship-Project\\venv\\Lib\\site-packages\\behave\\model.py\", line 1329, in run\n    match.run(runner.context)\n  File \"C:\\Users\\noahs\\Automation-Internship-Project\\venv\\Lib\\site-packages\\behave\\matchers.py\", line 98, in run\n    self.func(context, *args, **kwargs)\n  File \"features\\steps\\sign_in_page_steps.py\", line 16, in logging_in\n    context.app.sign_in_page.log_in(email, password)\n  File \"C:\\Users\\noahs\\Automation-Internship-Project\\pages\\sign_in_page.py\", line 23, in log_in\n    self.wait_for_text_present(self.USER_COUNTER, text=\"9234\")\n  File \"C:\\Users\\noahs\\Automation-Internship-Project\\pages\\base_page.py\", line 52, in wait_for_text_present\n    (self.wait.until(\n     ^^^^^^^^^^^^^^^^\n  File \"C:\\Users\\noahs\\Automation-Internship-Project\\venv\\Lib\\site-packages\\selenium\\webdriver\\support\\wait.py\", line 96, in until\n    value = method(self._driver)\n            ^^^^^^^^^^^^^^^^^^^^\n  File \"C:\\Users\\noahs\\Automation-Internship-Project\\venv\\Lib\\site-packages\\selenium\\webdriver\\support\\expected_conditions.py\", line 243, in _predicate\n    element_text = driver.find_element(*locator).text\n                   ^^^^^^^^^^^^^^^^^^^^^^^^^^^^^\n  File \"C:\\Users\\noahs\\Automation-Internship-Project\\venv\\Lib\\site-packages\\selenium\\webdriver\\remote\\webdriver.py\", line 742, in find_element\n    return self.execute(Command.FIND_ELEMENT, {\"using\": by, \"value\": value})[\"value\"]\n           ^^^^^^^^^^^^^^^^^^^^^^^^^^^^^^^^^^^^^^^^^^^^^^^^^^^^^^^^^^^^^^^^^\n  File \"C:\\Users\\noahs\\Automation-Internship-Project\\venv\\Lib\\site-packages\\selenium\\webdriver\\remote\\webdriver.py\", line 348, in execute\n    self.error_handler.check_response(response)\n  File \"C:\\Users\\noahs\\Automation-Internship-Project\\venv\\Lib\\site-packages\\selenium\\webdriver\\remote\\errorhandler.py\", line 229, in check_response\n    raise exception_class(message, screen, stacktrace)\n"}, "start": 1703380787828, "stop": 1703380787830}, {"name": "And Click on Secondary tab", "status": "skipped", "start": 1703380787832, "stop": 1703380787832}, {"name": "Then Verify Secondary page opens", "status": "skipped", "start": 1703380787832, "stop": 1703380787832}, {"name": "When Click on Filters", "status": "skipped", "start": 1703380787832, "stop": 1703380787832}, {"name": "And Filter for Want to sell", "status": "skipped", "start": 1703380787832, "stop": 1703380787832}, {"name": "Then Verify all cards have: For sale tag", "status": "skipped", "start": 1703380787832, "stop": 1703380787832}], "start": 1703380783463, "stop": 1703380787832, "uuid": "f425ce24-8cc7-40c2-abff-6d43509e3657", "historyId": "8dfa108a33a31aa865c971e778e442c5", "fullName": "Secondary Page: User can filter the Secondary deals by “want to sell” option", "labels": [{"name": "severity", "value": "normal"}, {"name": "feature", "value": "Secondary Page"}, {"name": "framework", "value": "behave"}, {"name": "language", "value": "cpython3"}]}