{"name": "User can search for a product", "status": "broken", "statusDetails": {"message": "selenium.common.exceptions.NoSuchWindowException: Message: no such window: target window already closed\nfrom unknown error: web view not found\n  (Session info: chrome=120.0.6099.130)\nStacktrace:\n\tGetHandleVerifier [0x00E76EE3+174339]\n\t(No symbol) [0x00DA0A51]\n\t(No symbol) [0x00AB6FF6]\n\t(No symbol) [0x00A9EFE7]\n\t(No symbol) [0x00B0B53B]\n\t(No symbol) [0x00B19E7B]\n\t(No symbol) [0x00B06DA6]\n\t(No symbol) [0x00AE1034]\n\t(No symbol) [0x00AE1F8D]\n\tGetHandleVerifier [0x00F14B1C+820540]\n\tsqlite3_dbdata_init [0x00FD53EE+653550]\n\tsqlite3_dbdata_init [0x00FD4E09+652041]\n\tsqlite3_dbdata_init [0x00FC97CC+605388]\n\tsqlite3_dbdata_init [0x00FD5D9B+656027]\n\t(No symbol) [0x00DAFE6C]\n\t(No symbol) [0x00DA83B8]\n\t(No symbol) [0x00DA84DD]\n\t(No symbol) [0x00D95818]\n\tBaseThreadInitThunk [0x77367BA9+25]\n\tRtlInitializeExceptionChain [0x77CFBD2B+107]\n\tRtlClearBits [0x77CFBCAF+191]\n\n", "trace": "  File \"C:\\Users\\noahs\\Automation-Internship-Project\\venv\\Lib\\site-packages\\behave\\model.py\", line 1329, in run\n    match.run(runner.context)\n  File \"C:\\Users\\noahs\\Automation-Internship-Project\\venv\\Lib\\site-packages\\behave\\matchers.py\", line 98, in run\n    self.func(context, *args, **kwargs)\n  File \"features\\steps\\product_search.py\", line 31, in verify_found_results_text\n    assert search_word.lower() in context.driver.current_url.lower(), \\\n                                  ^^^^^^^^^^^^^^^^^^^^^^^^^^\n  File \"C:\\Users\\noahs\\Automation-Internship-Project\\venv\\Lib\\site-packages\\selenium\\webdriver\\remote\\webdriver.py\", line 438, in current_url\n    return self.execute(Command.GET_CURRENT_URL)[\"value\"]\n           ^^^^^^^^^^^^^^^^^^^^^^^^^^^^^^^^^^^^^\n  File \"C:\\Users\\noahs\\Automation-Internship-Project\\venv\\Lib\\site-packages\\selenium\\webdriver\\remote\\webdriver.py\", line 348, in execute\n    self.error_handler.check_response(response)\n  File \"C:\\Users\\noahs\\Automation-Internship-Project\\venv\\Lib\\site-packages\\selenium\\webdriver\\remote\\errorhandler.py\", line 229, in check_response\n    raise exception_class(message, screen, stacktrace)\n"}, "steps": [{"name": "Given Open Google page", "status": "passed", "start": 1703645965587, "stop": 1703645968293}, {"name": "When Input Car into search field", "status": "passed", "start": 1703645968293, "stop": 1703645972368}, {"name": "And Click on search icon", "status": "passed", "start": 1703645972369, "stop": 1703645974385}, {"name": "Then Product results for Car are shown", "status": "broken", "statusDetails": {"message": "selenium.common.exceptions.NoSuchWindowException: Message: no such window: target window already closed\nfrom unknown error: web view not found\n  (Session info: chrome=120.0.6099.130)\nStacktrace:\n\tGetHandleVerifier [0x00E76EE3+174339]\n\t(No symbol) [0x00DA0A51]\n\t(No symbol) [0x00AB6FF6]\n\t(No symbol) [0x00A9EFE7]\n\t(No symbol) [0x00B0B53B]\n\t(No symbol) [0x00B19E7B]\n\t(No symbol) [0x00B06DA6]\n\t(No symbol) [0x00AE1034]\n\t(No symbol) [0x00AE1F8D]\n\tGetHandleVerifier [0x00F14B1C+820540]\n\tsqlite3_dbdata_init [0x00FD53EE+653550]\n\tsqlite3_dbdata_init [0x00FD4E09+652041]\n\tsqlite3_dbdata_init [0x00FC97CC+605388]\n\tsqlite3_dbdata_init [0x00FD5D9B+656027]\n\t(No symbol) [0x00DAFE6C]\n\t(No symbol) [0x00DA83B8]\n\t(No symbol) [0x00DA84DD]\n\t(No symbol) [0x00D95818]\n\tBaseThreadInitThunk [0x77367BA9+25]\n\tRtlInitializeExceptionChain [0x77CFBD2B+107]\n\tRtlClearBits [0x77CFBCAF+191]\n\n", "trace": "  File \"C:\\Users\\noahs\\Automation-Internship-Project\\venv\\Lib\\site-packages\\behave\\model.py\", line 1329, in run\n    match.run(runner.context)\n  File \"C:\\Users\\noahs\\Automation-Internship-Project\\venv\\Lib\\site-packages\\behave\\matchers.py\", line 98, in run\n    self.func(context, *args, **kwargs)\n  File \"features\\steps\\product_search.py\", line 31, in verify_found_results_text\n    assert search_word.lower() in context.driver.current_url.lower(), \\\n                                  ^^^^^^^^^^^^^^^^^^^^^^^^^^\n  File \"C:\\Users\\noahs\\Automation-Internship-Project\\venv\\Lib\\site-packages\\selenium\\webdriver\\remote\\webdriver.py\", line 438, in current_url\n    return self.execute(Command.GET_CURRENT_URL)[\"value\"]\n           ^^^^^^^^^^^^^^^^^^^^^^^^^^^^^^^^^^^^^\n  File \"C:\\Users\\noahs\\Automation-Internship-Project\\venv\\Lib\\site-packages\\selenium\\webdriver\\remote\\webdriver.py\", line 348, in execute\n    self.error_handler.check_response(response)\n  File \"C:\\Users\\noahs\\Automation-Internship-Project\\venv\\Lib\\site-packages\\selenium\\webdriver\\remote\\errorhandler.py\", line 229, in check_response\n    raise exception_class(message, screen, stacktrace)\n"}, "start": 1703645974385, "stop": 1703645974395}], "start": 1703645962528, "stop": 1703645974403, "uuid": "1ff167cf-26bb-44cb-b974-3a8446e64802", "historyId": "e6287342e7156c528eb108828dfaac79", "fullName": "Test Scenarios for Search functionality: User can search for a product", "labels": [{"name": "severity", "value": "normal"}, {"name": "feature", "value": "Test Scenarios for Search functionality"}, {"name": "framework", "value": "behave"}, {"name": "language", "value": "cpython3"}]}