{"uid":"6c91ee71c4e7e04f","name":"User can search for a product","fullName":"Test Scenarios for Search functionality: User can search for a product","historyId":"e6287342e7156c528eb108828dfaac79","time":{"start":1703380775281,"stop":1703380783462,"duration":8181},"status":"broken","statusMessage":"selenium.common.exceptions.NoSuchWindowException: Message: no such window: target window already closed\nfrom unknown error: web view not found\n  (Session info: chrome=120.0.6099.129)\nStacktrace:\n\tGetHandleVerifier [0x01436EE3+174339]\n\t(No symbol) [0x01360A51]\n\t(No symbol) [0x01076FF6]\n\t(No symbol) [0x0105EFE7]\n\t(No symbol) [0x010CB53B]\n\t(No symbol) [0x010D9E7B]\n\t(No symbol) [0x010C6DA6]\n\t(No symbol) [0x010A1034]\n\t(No symbol) [0x010A1F8D]\n\tGetHandleVerifier [0x014D4B1C+820540]\n\tsqlite3_dbdata_init [0x015953EE+653550]\n\tsqlite3_dbdata_init [0x01594E09+652041]\n\tsqlite3_dbdata_init [0x015897CC+605388]\n\tsqlite3_dbdata_init [0x01595D9B+656027]\n\t(No symbol) [0x0136FE6C]\n\t(No symbol) [0x013683B8]\n\t(No symbol) [0x013684DD]\n\t(No symbol) [0x01355818]\n\tBaseThreadInitThunk [0x77367BA9+25]\n\tRtlInitializeExceptionChain [0x77CFBD2B+107]\n\tRtlClearBits [0x77CFBCAF+191]\n\n","statusTrace":"  File \"C:\\Users\\noahs\\Automation-Internship-Project\\venv\\Lib\\site-packages\\behave\\model.py\", line 1329, in run\n    match.run(runner.context)\n  File \"C:\\Users\\noahs\\Automation-Internship-Project\\venv\\Lib\\site-packages\\behave\\matchers.py\", line 98, in run\n    self.func(context, *args, **kwargs)\n  File \"features\\steps\\product_search.py\", line 25, in click_search_icon\n    context.driver.find_element(*SEARCH_SUBMIT).click()\n    ^^^^^^^^^^^^^^^^^^^^^^^^^^^^^^^^^^^^^^^^^^^\n  File \"C:\\Users\\noahs\\Automation-Internship-Project\\venv\\Lib\\site-packages\\selenium\\webdriver\\remote\\webdriver.py\", line 742, in find_element\n    return self.execute(Command.FIND_ELEMENT, {\"using\": by, \"value\": value})[\"value\"]\n           ^^^^^^^^^^^^^^^^^^^^^^^^^^^^^^^^^^^^^^^^^^^^^^^^^^^^^^^^^^^^^^^^^\n  File \"C:\\Users\\noahs\\Automation-Internship-Project\\venv\\Lib\\site-packages\\selenium\\webdriver\\remote\\webdriver.py\", line 348, in execute\n    self.error_handler.check_response(response)\n  File \"C:\\Users\\noahs\\Automation-Internship-Project\\venv\\Lib\\site-packages\\selenium\\webdriver\\remote\\errorhandler.py\", line 229, in check_response\n    raise exception_class(message, screen, stacktrace)\n","flaky":false,"newFailed":false,"newBroken":false,"newPassed":false,"retriesCount":0,"retriesStatusChange":false,"beforeStages":[],"testStage":{"status":"broken","statusMessage":"selenium.common.exceptions.NoSuchWindowException: Message: no such window: target window already closed\nfrom unknown error: web view not found\n  (Session info: chrome=120.0.6099.129)\nStacktrace:\n\tGetHandleVerifier [0x01436EE3+174339]\n\t(No symbol) [0x01360A51]\n\t(No symbol) [0x01076FF6]\n\t(No symbol) [0x0105EFE7]\n\t(No symbol) [0x010CB53B]\n\t(No symbol) [0x010D9E7B]\n\t(No symbol) [0x010C6DA6]\n\t(No symbol) [0x010A1034]\n\t(No symbol) [0x010A1F8D]\n\tGetHandleVerifier [0x014D4B1C+820540]\n\tsqlite3_dbdata_init [0x015953EE+653550]\n\tsqlite3_dbdata_init [0x01594E09+652041]\n\tsqlite3_dbdata_init [0x015897CC+605388]\n\tsqlite3_dbdata_init [0x01595D9B+656027]\n\t(No symbol) [0x0136FE6C]\n\t(No symbol) [0x013683B8]\n\t(No symbol) [0x013684DD]\n\t(No symbol) [0x01355818]\n\tBaseThreadInitThunk [0x77367BA9+25]\n\tRtlInitializeExceptionChain [0x77CFBD2B+107]\n\tRtlClearBits [0x77CFBCAF+191]\n\n","statusTrace":"  File \"C:\\Users\\noahs\\Automation-Internship-Project\\venv\\Lib\\site-packages\\behave\\model.py\", line 1329, in run\n    match.run(runner.context)\n  File \"C:\\Users\\noahs\\Automation-Internship-Project\\venv\\Lib\\site-packages\\behave\\matchers.py\", line 98, in run\n    self.func(context, *args, **kwargs)\n  File \"features\\steps\\product_search.py\", line 25, in click_search_icon\n    context.driver.find_element(*SEARCH_SUBMIT).click()\n    ^^^^^^^^^^^^^^^^^^^^^^^^^^^^^^^^^^^^^^^^^^^\n  File \"C:\\Users\\noahs\\Automation-Internship-Project\\venv\\Lib\\site-packages\\selenium\\webdriver\\remote\\webdriver.py\", line 742, in find_element\n    return self.execute(Command.FIND_ELEMENT, {\"using\": by, \"value\": value})[\"value\"]\n           ^^^^^^^^^^^^^^^^^^^^^^^^^^^^^^^^^^^^^^^^^^^^^^^^^^^^^^^^^^^^^^^^^\n  File \"C:\\Users\\noahs\\Automation-Internship-Project\\venv\\Lib\\site-packages\\selenium\\webdriver\\remote\\webdriver.py\", line 348, in execute\n    self.error_handler.check_response(response)\n  File \"C:\\Users\\noahs\\Automation-Internship-Project\\venv\\Lib\\site-packages\\selenium\\webdriver\\remote\\errorhandler.py\", line 229, in check_response\n    raise exception_class(message, screen, stacktrace)\n","steps":[{"name":"Given Open Google page","time":{"start":1703380778493,"stop":1703380779400,"duration":907},"status":"passed","steps":[],"attachments":[],"parameters":[],"attachmentStep":false,"hasContent":false,"stepsCount":0,"attachmentsCount":0,"shouldDisplayMessage":false},{"name":"When Input Car into search field","time":{"start":1703380779400,"stop":1703380783448,"duration":4048},"status":"passed","steps":[],"attachments":[],"parameters":[],"attachmentStep":false,"hasContent":false,"stepsCount":0,"attachmentsCount":0,"shouldDisplayMessage":false},{"name":"And Click on search icon","time":{"start":1703380783448,"stop":1703380783457,"duration":9},"status":"broken","statusMessage":"selenium.common.exceptions.NoSuchWindowException: Message: no such window: target window already closed\nfrom unknown error: web view not found\n  (Session info: chrome=120.0.6099.129)\nStacktrace:\n\tGetHandleVerifier [0x01436EE3+174339]\n\t(No symbol) [0x01360A51]\n\t(No symbol) [0x01076FF6]\n\t(No symbol) [0x0105EFE7]\n\t(No symbol) [0x010CB53B]\n\t(No symbol) [0x010D9E7B]\n\t(No symbol) [0x010C6DA6]\n\t(No symbol) [0x010A1034]\n\t(No symbol) [0x010A1F8D]\n\tGetHandleVerifier [0x014D4B1C+820540]\n\tsqlite3_dbdata_init [0x015953EE+653550]\n\tsqlite3_dbdata_init [0x01594E09+652041]\n\tsqlite3_dbdata_init [0x015897CC+605388]\n\tsqlite3_dbdata_init [0x01595D9B+656027]\n\t(No symbol) [0x0136FE6C]\n\t(No symbol) [0x013683B8]\n\t(No symbol) [0x013684DD]\n\t(No symbol) [0x01355818]\n\tBaseThreadInitThunk [0x77367BA9+25]\n\tRtlInitializeExceptionChain [0x77CFBD2B+107]\n\tRtlClearBits [0x77CFBCAF+191]\n\n","statusTrace":"  File \"C:\\Users\\noahs\\Automation-Internship-Project\\venv\\Lib\\site-packages\\behave\\model.py\", line 1329, in run\n    match.run(runner.context)\n  File \"C:\\Users\\noahs\\Automation-Internship-Project\\venv\\Lib\\site-packages\\behave\\matchers.py\", line 98, in run\n    self.func(context, *args, **kwargs)\n  File \"features\\steps\\product_search.py\", line 25, in click_search_icon\n    context.driver.find_element(*SEARCH_SUBMIT).click()\n    ^^^^^^^^^^^^^^^^^^^^^^^^^^^^^^^^^^^^^^^^^^^\n  File \"C:\\Users\\noahs\\Automation-Internship-Project\\venv\\Lib\\site-packages\\selenium\\webdriver\\remote\\webdriver.py\", line 742, in find_element\n    return self.execute(Command.FIND_ELEMENT, {\"using\": by, \"value\": value})[\"value\"]\n           ^^^^^^^^^^^^^^^^^^^^^^^^^^^^^^^^^^^^^^^^^^^^^^^^^^^^^^^^^^^^^^^^^\n  File \"C:\\Users\\noahs\\Automation-Internship-Project\\venv\\Lib\\site-packages\\selenium\\webdriver\\remote\\webdriver.py\", line 348, in execute\n    self.error_handler.check_response(response)\n  File \"C:\\Users\\noahs\\Automation-Internship-Project\\venv\\Lib\\site-packages\\selenium\\webdriver\\remote\\errorhandler.py\", line 229, in check_response\n    raise exception_class(message, screen, stacktrace)\n","steps":[],"attachments":[],"parameters":[],"attachmentStep":false,"hasContent":true,"stepsCount":0,"attachmentsCount":0,"shouldDisplayMessage":true},{"name":"Then Product results for Car are shown","time":{"start":1703380783462,"stop":1703380783462,"duration":0},"status":"skipped","steps":[],"attachments":[],"parameters":[],"attachmentStep":false,"hasContent":false,"stepsCount":0,"attachmentsCount":0,"shouldDisplayMessage":false}],"attachments":[],"parameters":[],"attachmentStep":false,"hasContent":true,"stepsCount":4,"attachmentsCount":0,"shouldDisplayMessage":false},"afterStages":[],"labels":[{"name":"severity","value":"normal"},{"name":"feature","value":"Test Scenarios for Search functionality"},{"name":"framework","value":"behave"},{"name":"language","value":"cpython3"},{"name":"resultFormat","value":"allure2"}],"parameters":[],"links":[],"hidden":true,"retry":true,"extra":{"categories":[],"tags":[]},"source":"6c91ee71c4e7e04f.json","parameterValues":[]}