{"uid":"dac07d6a6eccc150","name":"User can search for a product","fullName":"Test Scenarios for Search functionality: User can search for a product","historyId":"e6287342e7156c528eb108828dfaac79","time":{"start":1703645962528,"stop":1703645974403,"duration":11875},"status":"broken","statusMessage":"selenium.common.exceptions.NoSuchWindowException: Message: no such window: target window already closed\nfrom unknown error: web view not found\n  (Session info: chrome=120.0.6099.130)\nStacktrace:\n\tGetHandleVerifier [0x00E76EE3+174339]\n\t(No symbol) [0x00DA0A51]\n\t(No symbol) [0x00AB6FF6]\n\t(No symbol) [0x00A9EFE7]\n\t(No symbol) [0x00B0B53B]\n\t(No symbol) [0x00B19E7B]\n\t(No symbol) [0x00B06DA6]\n\t(No symbol) [0x00AE1034]\n\t(No symbol) [0x00AE1F8D]\n\tGetHandleVerifier [0x00F14B1C+820540]\n\tsqlite3_dbdata_init [0x00FD53EE+653550]\n\tsqlite3_dbdata_init [0x00FD4E09+652041]\n\tsqlite3_dbdata_init [0x00FC97CC+605388]\n\tsqlite3_dbdata_init [0x00FD5D9B+656027]\n\t(No symbol) [0x00DAFE6C]\n\t(No symbol) [0x00DA83B8]\n\t(No symbol) [0x00DA84DD]\n\t(No symbol) [0x00D95818]\n\tBaseThreadInitThunk [0x77367BA9+25]\n\tRtlInitializeExceptionChain [0x77CFBD2B+107]\n\tRtlClearBits [0x77CFBCAF+191]\n\n","statusTrace":"  File \"C:\\Users\\noahs\\Automation-Internship-Project\\venv\\Lib\\site-packages\\behave\\model.py\", line 1329, in run\n    match.run(runner.context)\n  File \"C:\\Users\\noahs\\Automation-Internship-Project\\venv\\Lib\\site-packages\\behave\\matchers.py\", line 98, in run\n    self.func(context, *args, **kwargs)\n  File \"features\\steps\\product_search.py\", line 31, in verify_found_results_text\n    assert search_word.lower() in context.driver.current_url.lower(), \\\n                                  ^^^^^^^^^^^^^^^^^^^^^^^^^^\n  File \"C:\\Users\\noahs\\Automation-Internship-Project\\venv\\Lib\\site-packages\\selenium\\webdriver\\remote\\webdriver.py\", line 438, in current_url\n    return self.execute(Command.GET_CURRENT_URL)[\"value\"]\n           ^^^^^^^^^^^^^^^^^^^^^^^^^^^^^^^^^^^^^\n  File \"C:\\Users\\noahs\\Automation-Internship-Project\\venv\\Lib\\site-packages\\selenium\\webdriver\\remote\\webdriver.py\", line 348, in execute\n    self.error_handler.check_response(response)\n  File \"C:\\Users\\noahs\\Automation-Internship-Project\\venv\\Lib\\site-packages\\selenium\\webdriver\\remote\\errorhandler.py\", line 229, in check_response\n    raise exception_class(message, screen, stacktrace)\n","flaky":false,"newFailed":false,"newBroken":false,"newPassed":false,"retriesCount":3,"retriesStatusChange":true,"beforeStages":[],"testStage":{"status":"broken","statusMessage":"selenium.common.exceptions.NoSuchWindowException: Message: no such window: target window already closed\nfrom unknown error: web view not found\n  (Session info: chrome=120.0.6099.130)\nStacktrace:\n\tGetHandleVerifier [0x00E76EE3+174339]\n\t(No symbol) [0x00DA0A51]\n\t(No symbol) [0x00AB6FF6]\n\t(No symbol) [0x00A9EFE7]\n\t(No symbol) [0x00B0B53B]\n\t(No symbol) [0x00B19E7B]\n\t(No symbol) [0x00B06DA6]\n\t(No symbol) [0x00AE1034]\n\t(No symbol) [0x00AE1F8D]\n\tGetHandleVerifier [0x00F14B1C+820540]\n\tsqlite3_dbdata_init [0x00FD53EE+653550]\n\tsqlite3_dbdata_init [0x00FD4E09+652041]\n\tsqlite3_dbdata_init [0x00FC97CC+605388]\n\tsqlite3_dbdata_init [0x00FD5D9B+656027]\n\t(No symbol) [0x00DAFE6C]\n\t(No symbol) [0x00DA83B8]\n\t(No symbol) [0x00DA84DD]\n\t(No symbol) [0x00D95818]\n\tBaseThreadInitThunk [0x77367BA9+25]\n\tRtlInitializeExceptionChain [0x77CFBD2B+107]\n\tRtlClearBits [0x77CFBCAF+191]\n\n","statusTrace":"  File \"C:\\Users\\noahs\\Automation-Internship-Project\\venv\\Lib\\site-packages\\behave\\model.py\", line 1329, in run\n    match.run(runner.context)\n  File \"C:\\Users\\noahs\\Automation-Internship-Project\\venv\\Lib\\site-packages\\behave\\matchers.py\", line 98, in run\n    self.func(context, *args, **kwargs)\n  File \"features\\steps\\product_search.py\", line 31, in verify_found_results_text\n    assert search_word.lower() in context.driver.current_url.lower(), \\\n                                  ^^^^^^^^^^^^^^^^^^^^^^^^^^\n  File \"C:\\Users\\noahs\\Automation-Internship-Project\\venv\\Lib\\site-packages\\selenium\\webdriver\\remote\\webdriver.py\", line 438, in current_url\n    return self.execute(Command.GET_CURRENT_URL)[\"value\"]\n           ^^^^^^^^^^^^^^^^^^^^^^^^^^^^^^^^^^^^^\n  File \"C:\\Users\\noahs\\Automation-Internship-Project\\venv\\Lib\\site-packages\\selenium\\webdriver\\remote\\webdriver.py\", line 348, in execute\n    self.error_handler.check_response(response)\n  File \"C:\\Users\\noahs\\Automation-Internship-Project\\venv\\Lib\\site-packages\\selenium\\webdriver\\remote\\errorhandler.py\", line 229, in check_response\n    raise exception_class(message, screen, stacktrace)\n","steps":[{"name":"Given Open Google page","time":{"start":1703645965587,"stop":1703645968293,"duration":2706},"status":"passed","steps":[],"attachments":[],"parameters":[],"attachmentStep":false,"hasContent":false,"stepsCount":0,"attachmentsCount":0,"shouldDisplayMessage":false},{"name":"When Input Car into search field","time":{"start":1703645968293,"stop":1703645972368,"duration":4075},"status":"passed","steps":[],"attachments":[],"parameters":[],"attachmentStep":false,"hasContent":false,"stepsCount":0,"attachmentsCount":0,"shouldDisplayMessage":false},{"name":"And Click on search icon","time":{"start":1703645972369,"stop":1703645974385,"duration":2016},"status":"passed","steps":[],"attachments":[],"parameters":[],"attachmentStep":false,"hasContent":false,"stepsCount":0,"attachmentsCount":0,"shouldDisplayMessage":false},{"name":"Then Product results for Car are shown","time":{"start":1703645974385,"stop":1703645974395,"duration":10},"status":"broken","statusMessage":"selenium.common.exceptions.NoSuchWindowException: Message: no such window: target window already closed\nfrom unknown error: web view not found\n  (Session info: chrome=120.0.6099.130)\nStacktrace:\n\tGetHandleVerifier [0x00E76EE3+174339]\n\t(No symbol) [0x00DA0A51]\n\t(No symbol) [0x00AB6FF6]\n\t(No symbol) [0x00A9EFE7]\n\t(No symbol) [0x00B0B53B]\n\t(No symbol) [0x00B19E7B]\n\t(No symbol) [0x00B06DA6]\n\t(No symbol) [0x00AE1034]\n\t(No symbol) [0x00AE1F8D]\n\tGetHandleVerifier [0x00F14B1C+820540]\n\tsqlite3_dbdata_init [0x00FD53EE+653550]\n\tsqlite3_dbdata_init [0x00FD4E09+652041]\n\tsqlite3_dbdata_init [0x00FC97CC+605388]\n\tsqlite3_dbdata_init [0x00FD5D9B+656027]\n\t(No symbol) [0x00DAFE6C]\n\t(No symbol) [0x00DA83B8]\n\t(No symbol) [0x00DA84DD]\n\t(No symbol) [0x00D95818]\n\tBaseThreadInitThunk [0x77367BA9+25]\n\tRtlInitializeExceptionChain [0x77CFBD2B+107]\n\tRtlClearBits [0x77CFBCAF+191]\n\n","statusTrace":"  File \"C:\\Users\\noahs\\Automation-Internship-Project\\venv\\Lib\\site-packages\\behave\\model.py\", line 1329, in run\n    match.run(runner.context)\n  File \"C:\\Users\\noahs\\Automation-Internship-Project\\venv\\Lib\\site-packages\\behave\\matchers.py\", line 98, in run\n    self.func(context, *args, **kwargs)\n  File \"features\\steps\\product_search.py\", line 31, in verify_found_results_text\n    assert search_word.lower() in context.driver.current_url.lower(), \\\n                                  ^^^^^^^^^^^^^^^^^^^^^^^^^^\n  File \"C:\\Users\\noahs\\Automation-Internship-Project\\venv\\Lib\\site-packages\\selenium\\webdriver\\remote\\webdriver.py\", line 438, in current_url\n    return self.execute(Command.GET_CURRENT_URL)[\"value\"]\n           ^^^^^^^^^^^^^^^^^^^^^^^^^^^^^^^^^^^^^\n  File \"C:\\Users\\noahs\\Automation-Internship-Project\\venv\\Lib\\site-packages\\selenium\\webdriver\\remote\\webdriver.py\", line 348, in execute\n    self.error_handler.check_response(response)\n  File \"C:\\Users\\noahs\\Automation-Internship-Project\\venv\\Lib\\site-packages\\selenium\\webdriver\\remote\\errorhandler.py\", line 229, in check_response\n    raise exception_class(message, screen, stacktrace)\n","steps":[],"attachments":[],"parameters":[],"attachmentStep":false,"hasContent":true,"stepsCount":0,"attachmentsCount":0,"shouldDisplayMessage":true}],"attachments":[],"parameters":[],"attachmentStep":false,"hasContent":true,"stepsCount":4,"attachmentsCount":0,"shouldDisplayMessage":false},"afterStages":[],"labels":[{"name":"severity","value":"normal"},{"name":"feature","value":"Test Scenarios for Search functionality"},{"name":"framework","value":"behave"},{"name":"language","value":"cpython3"},{"name":"resultFormat","value":"allure2"}],"parameters":[],"links":[],"hidden":false,"retry":false,"extra":{"severity":"normal","retries":[{"uid":"82ac568dc2c3efd5","status":"passed","time":{"start":1703404482357,"stop":1703404495375,"duration":13018}},{"uid":"668bb8ab96ea354a","status":"passed","time":{"start":1703380796379,"stop":1703380811926,"duration":15547}},{"uid":"6c91ee71c4e7e04f","status":"broken","statusDetails":"selenium.common.exceptions.NoSuchWindowException: Message: no such window: target window already closed\nfrom unknown error: web view not found\n  (Session info: chrome=120.0.6099.129)\nStacktrace:\n\tGetHandleVerifier [0x01436EE3+174339]\n\t(No symbol) [0x01360A51]\n\t(No symbol) [0x01076FF6]\n\t(No symbol) [0x0105EFE7]\n\t(No symbol) [0x010CB53B]\n\t(No symbol) [0x010D9E7B]\n\t(No symbol) [0x010C6DA6]\n\t(No symbol) [0x010A1034]\n\t(No symbol) [0x010A1F8D]\n\tGetHandleVerifier [0x014D4B1C+820540]\n\tsqlite3_dbdata_init [0x015953EE+653550]\n\tsqlite3_dbdata_init [0x01594E09+652041]\n\tsqlite3_dbdata_init [0x015897CC+605388]\n\tsqlite3_dbdata_init [0x01595D9B+656027]\n\t(No symbol) [0x0136FE6C]\n\t(No symbol) [0x013683B8]\n\t(No symbol) [0x013684DD]\n\t(No symbol) [0x01355818]\n\tBaseThreadInitThunk [0x77367BA9+25]\n\tRtlInitializeExceptionChain [0x77CFBD2B+107]\n\tRtlClearBits [0x77CFBCAF+191]\n\n","time":{"start":1703380775281,"stop":1703380783462,"duration":8181}}],"categories":[{"name":"Test defects","matchedStatuses":[],"flaky":false}],"tags":[]},"source":"dac07d6a6eccc150.json","parameterValues":[]}