{"uid":"fce468e7abf5f1f6","name":"Mobile - User can filter the Secondary deals by “want to sell” option","fullName":"Secondary Page: Mobile - User can filter the Secondary deals by “want to sell” option","historyId":"3624b99856461307e4389f7db8d88409","time":{"start":1703645978500,"stop":1703645982998,"duration":4498},"status":"broken","statusMessage":"selenium.common.exceptions.NoSuchWindowException: Message: no such window: target window already closed\nfrom unknown error: web view not found\n  (Session info: chrome=120.0.6099.130)\nStacktrace:\n\tGetHandleVerifier [0x00E76EE3+174339]\n\t(No symbol) [0x00DA0A51]\n\t(No symbol) [0x00AB6FF6]\n\t(No symbol) [0x00A9EFE7]\n\t(No symbol) [0x00B0B53B]\n\t(No symbol) [0x00B19E7B]\n\t(No symbol) [0x00B06DA6]\n\t(No symbol) [0x00AE1034]\n\t(No symbol) [0x00AE1F8D]\n\tGetHandleVerifier [0x00F14B1C+820540]\n\tsqlite3_dbdata_init [0x00FD53EE+653550]\n\tsqlite3_dbdata_init [0x00FD4E09+652041]\n\tsqlite3_dbdata_init [0x00FC97CC+605388]\n\tsqlite3_dbdata_init [0x00FD5D9B+656027]\n\t(No symbol) [0x00DAFE6C]\n\t(No symbol) [0x00DA83B8]\n\t(No symbol) [0x00DA84DD]\n\t(No symbol) [0x00D95818]\n\tBaseThreadInitThunk [0x77367BA9+25]\n\tRtlInitializeExceptionChain [0x77CFBD2B+107]\n\tRtlClearBits [0x77CFBCAF+191]\n\n","statusTrace":"  File \"C:\\Users\\noahs\\Automation-Internship-Project\\venv\\Lib\\site-packages\\behave\\model.py\", line 1329, in run\n    match.run(runner.context)\n  File \"C:\\Users\\noahs\\Automation-Internship-Project\\venv\\Lib\\site-packages\\behave\\matchers.py\", line 98, in run\n    self.func(context, *args, **kwargs)\n  File \"features\\steps\\sign_in_page_steps.py\", line 29, in mobile_input_sign_in\n    context.app.sign_in_page.log_in(email, password)\n  File \"C:\\Users\\noahs\\Automation-Internship-Project\\pages\\sign_in_page.py\", line 31, in log_in\n    number = self.find_element(*self.NUMBER).text\n             ^^^^^^^^^^^^^^^^^^^^^^^^^^^^^^^\n  File \"C:\\Users\\noahs\\Automation-Internship-Project\\pages\\base_page.py\", line 26, in find_element\n    return self.driver.find_element(*locator)\n           ^^^^^^^^^^^^^^^^^^^^^^^^^^^^^^^^^^\n  File \"C:\\Users\\noahs\\Automation-Internship-Project\\venv\\Lib\\site-packages\\selenium\\webdriver\\remote\\webdriver.py\", line 742, in find_element\n    return self.execute(Command.FIND_ELEMENT, {\"using\": by, \"value\": value})[\"value\"]\n           ^^^^^^^^^^^^^^^^^^^^^^^^^^^^^^^^^^^^^^^^^^^^^^^^^^^^^^^^^^^^^^^^^\n  File \"C:\\Users\\noahs\\Automation-Internship-Project\\venv\\Lib\\site-packages\\selenium\\webdriver\\remote\\webdriver.py\", line 348, in execute\n    self.error_handler.check_response(response)\n  File \"C:\\Users\\noahs\\Automation-Internship-Project\\venv\\Lib\\site-packages\\selenium\\webdriver\\remote\\errorhandler.py\", line 229, in check_response\n    raise exception_class(message, screen, stacktrace)\n","flaky":false,"newFailed":false,"newBroken":false,"newPassed":false,"retriesCount":0,"retriesStatusChange":false,"beforeStages":[],"testStage":{"status":"broken","statusMessage":"selenium.common.exceptions.NoSuchWindowException: Message: no such window: target window already closed\nfrom unknown error: web view not found\n  (Session info: chrome=120.0.6099.130)\nStacktrace:\n\tGetHandleVerifier [0x00E76EE3+174339]\n\t(No symbol) [0x00DA0A51]\n\t(No symbol) [0x00AB6FF6]\n\t(No symbol) [0x00A9EFE7]\n\t(No symbol) [0x00B0B53B]\n\t(No symbol) [0x00B19E7B]\n\t(No symbol) [0x00B06DA6]\n\t(No symbol) [0x00AE1034]\n\t(No symbol) [0x00AE1F8D]\n\tGetHandleVerifier [0x00F14B1C+820540]\n\tsqlite3_dbdata_init [0x00FD53EE+653550]\n\tsqlite3_dbdata_init [0x00FD4E09+652041]\n\tsqlite3_dbdata_init [0x00FC97CC+605388]\n\tsqlite3_dbdata_init [0x00FD5D9B+656027]\n\t(No symbol) [0x00DAFE6C]\n\t(No symbol) [0x00DA83B8]\n\t(No symbol) [0x00DA84DD]\n\t(No symbol) [0x00D95818]\n\tBaseThreadInitThunk [0x77367BA9+25]\n\tRtlInitializeExceptionChain [0x77CFBD2B+107]\n\tRtlClearBits [0x77CFBCAF+191]\n\n","statusTrace":"  File \"C:\\Users\\noahs\\Automation-Internship-Project\\venv\\Lib\\site-packages\\behave\\model.py\", line 1329, in run\n    match.run(runner.context)\n  File \"C:\\Users\\noahs\\Automation-Internship-Project\\venv\\Lib\\site-packages\\behave\\matchers.py\", line 98, in run\n    self.func(context, *args, **kwargs)\n  File \"features\\steps\\sign_in_page_steps.py\", line 29, in mobile_input_sign_in\n    context.app.sign_in_page.log_in(email, password)\n  File \"C:\\Users\\noahs\\Automation-Internship-Project\\pages\\sign_in_page.py\", line 31, in log_in\n    number = self.find_element(*self.NUMBER).text\n             ^^^^^^^^^^^^^^^^^^^^^^^^^^^^^^^\n  File \"C:\\Users\\noahs\\Automation-Internship-Project\\pages\\base_page.py\", line 26, in find_element\n    return self.driver.find_element(*locator)\n           ^^^^^^^^^^^^^^^^^^^^^^^^^^^^^^^^^^\n  File \"C:\\Users\\noahs\\Automation-Internship-Project\\venv\\Lib\\site-packages\\selenium\\webdriver\\remote\\webdriver.py\", line 742, in find_element\n    return self.execute(Command.FIND_ELEMENT, {\"using\": by, \"value\": value})[\"value\"]\n           ^^^^^^^^^^^^^^^^^^^^^^^^^^^^^^^^^^^^^^^^^^^^^^^^^^^^^^^^^^^^^^^^^\n  File \"C:\\Users\\noahs\\Automation-Internship-Project\\venv\\Lib\\site-packages\\selenium\\webdriver\\remote\\webdriver.py\", line 348, in execute\n    self.error_handler.check_response(response)\n  File \"C:\\Users\\noahs\\Automation-Internship-Project\\venv\\Lib\\site-packages\\selenium\\webdriver\\remote\\errorhandler.py\", line 229, in check_response\n    raise exception_class(message, screen, stacktrace)\n","steps":[{"name":"Given Mobile - Open sign-in page","time":{"start":1703645982126,"stop":1703645982976,"duration":850},"status":"passed","steps":[],"attachments":[],"parameters":[],"attachmentStep":false,"hasContent":false,"stepsCount":0,"attachmentsCount":0,"shouldDisplayMessage":false},{"name":"When Mobile - Log in with email: noahsj@cox.net and password: Letter2021","time":{"start":1703645982976,"stop":1703645982984,"duration":8},"status":"broken","statusMessage":"selenium.common.exceptions.NoSuchWindowException: Message: no such window: target window already closed\nfrom unknown error: web view not found\n  (Session info: chrome=120.0.6099.130)\nStacktrace:\n\tGetHandleVerifier [0x00E76EE3+174339]\n\t(No symbol) [0x00DA0A51]\n\t(No symbol) [0x00AB6FF6]\n\t(No symbol) [0x00A9EFE7]\n\t(No symbol) [0x00B0B53B]\n\t(No symbol) [0x00B19E7B]\n\t(No symbol) [0x00B06DA6]\n\t(No symbol) [0x00AE1034]\n\t(No symbol) [0x00AE1F8D]\n\tGetHandleVerifier [0x00F14B1C+820540]\n\tsqlite3_dbdata_init [0x00FD53EE+653550]\n\tsqlite3_dbdata_init [0x00FD4E09+652041]\n\tsqlite3_dbdata_init [0x00FC97CC+605388]\n\tsqlite3_dbdata_init [0x00FD5D9B+656027]\n\t(No symbol) [0x00DAFE6C]\n\t(No symbol) [0x00DA83B8]\n\t(No symbol) [0x00DA84DD]\n\t(No symbol) [0x00D95818]\n\tBaseThreadInitThunk [0x77367BA9+25]\n\tRtlInitializeExceptionChain [0x77CFBD2B+107]\n\tRtlClearBits [0x77CFBCAF+191]\n\n","statusTrace":"  File \"C:\\Users\\noahs\\Automation-Internship-Project\\venv\\Lib\\site-packages\\behave\\model.py\", line 1329, in run\n    match.run(runner.context)\n  File \"C:\\Users\\noahs\\Automation-Internship-Project\\venv\\Lib\\site-packages\\behave\\matchers.py\", line 98, in run\n    self.func(context, *args, **kwargs)\n  File \"features\\steps\\sign_in_page_steps.py\", line 29, in mobile_input_sign_in\n    context.app.sign_in_page.log_in(email, password)\n  File \"C:\\Users\\noahs\\Automation-Internship-Project\\pages\\sign_in_page.py\", line 31, in log_in\n    number = self.find_element(*self.NUMBER).text\n             ^^^^^^^^^^^^^^^^^^^^^^^^^^^^^^^\n  File \"C:\\Users\\noahs\\Automation-Internship-Project\\pages\\base_page.py\", line 26, in find_element\n    return self.driver.find_element(*locator)\n           ^^^^^^^^^^^^^^^^^^^^^^^^^^^^^^^^^^\n  File \"C:\\Users\\noahs\\Automation-Internship-Project\\venv\\Lib\\site-packages\\selenium\\webdriver\\remote\\webdriver.py\", line 742, in find_element\n    return self.execute(Command.FIND_ELEMENT, {\"using\": by, \"value\": value})[\"value\"]\n           ^^^^^^^^^^^^^^^^^^^^^^^^^^^^^^^^^^^^^^^^^^^^^^^^^^^^^^^^^^^^^^^^^\n  File \"C:\\Users\\noahs\\Automation-Internship-Project\\venv\\Lib\\site-packages\\selenium\\webdriver\\remote\\webdriver.py\", line 348, in execute\n    self.error_handler.check_response(response)\n  File \"C:\\Users\\noahs\\Automation-Internship-Project\\venv\\Lib\\site-packages\\selenium\\webdriver\\remote\\errorhandler.py\", line 229, in check_response\n    raise exception_class(message, screen, stacktrace)\n","steps":[],"attachments":[],"parameters":[],"attachmentStep":false,"hasContent":true,"stepsCount":0,"attachmentsCount":0,"shouldDisplayMessage":true},{"name":"And Mobile - Tap on Off-Plan tab","time":{"start":1703645982997,"stop":1703645982997,"duration":0},"status":"skipped","steps":[],"attachments":[],"parameters":[],"attachmentStep":false,"hasContent":false,"stepsCount":0,"attachmentsCount":0,"shouldDisplayMessage":false},{"name":"And Mobile - Tap on Secondary tab","time":{"start":1703645982997,"stop":1703645982998,"duration":1},"status":"skipped","steps":[],"attachments":[],"parameters":[],"attachmentStep":false,"hasContent":false,"stepsCount":0,"attachmentsCount":0,"shouldDisplayMessage":false},{"name":"Then Mobile - Verify Secondary page opens","time":{"start":1703645982998,"stop":1703645982998,"duration":0},"status":"skipped","steps":[],"attachments":[],"parameters":[],"attachmentStep":false,"hasContent":false,"stepsCount":0,"attachmentsCount":0,"shouldDisplayMessage":false},{"name":"When Mobile - Tap on Filters","time":{"start":1703645982998,"stop":1703645982998,"duration":0},"status":"skipped","steps":[],"attachments":[],"parameters":[],"attachmentStep":false,"hasContent":false,"stepsCount":0,"attachmentsCount":0,"shouldDisplayMessage":false},{"name":"And Mobile - Filter for Want to sell","time":{"start":1703645982998,"stop":1703645982998,"duration":0},"status":"skipped","steps":[],"attachments":[],"parameters":[],"attachmentStep":false,"hasContent":false,"stepsCount":0,"attachmentsCount":0,"shouldDisplayMessage":false},{"name":"Then Mobile - Verify all cards have: For sale tag","time":{"start":1703645982998,"stop":1703645982998,"duration":0},"status":"skipped","steps":[],"attachments":[],"parameters":[],"attachmentStep":false,"hasContent":false,"stepsCount":0,"attachmentsCount":0,"shouldDisplayMessage":false}],"attachments":[],"parameters":[],"attachmentStep":false,"hasContent":true,"stepsCount":8,"attachmentsCount":0,"shouldDisplayMessage":false},"afterStages":[],"labels":[{"name":"severity","value":"normal"},{"name":"tag","value":"mobile"},{"name":"feature","value":"Secondary Page"},{"name":"framework","value":"behave"},{"name":"language","value":"cpython3"},{"name":"resultFormat","value":"allure2"}],"parameters":[],"links":[],"hidden":false,"retry":false,"extra":{"severity":"normal","retries":[],"categories":[{"name":"Test defects","matchedStatuses":[],"flaky":false}],"tags":["mobile"]},"source":"fce468e7abf5f1f6.json","parameterValues":[]}